<?xml version="1.0" encoding="UTF-8"?>
<!-- Generated by org.testng.reporters.JUnitXMLReporter -->
<testsuite ignored="0" hostname="DESKTOP-B6PR29P" failures="0" tests="2" name="Test case 2" time="9.936" errors="0" timestamp="2022-03-06T13:39:21 IST">
  <testcase classname="com.selenium.training.selenium_training.SoftAssert_login" name="f" time="3.808"/>
  <testcase classname="com.selenium.training.selenium_training.SoftAssert_login" name="logout" time="4.12"/>
</testsuite> <!-- Test case 2 -->
