<?xml version="1.0" encoding="UTF-8"?>
<!-- Generated by org.testng.reporters.JUnitXMLReporter -->
<testsuite ignored="0" hostname="DESKTOP-B6PR29P" failures="0" tests="2" name="Test case 1" time="10.889" errors="0" timestamp="2022-03-06T13:39:11 IST">
  <testcase classname="com.selenium.training.selenium_training.HardAssert_login" name="loginAdmin" time="3.525"/>
  <testcase classname="com.selenium.training.selenium_training.HardAssert_login" name="logout" time="4.033"/>
</testsuite> <!-- Test case 1 -->
