<?xml version="1.0" encoding="UTF-8"?>
<!-- Generated by org.testng.reporters.JUnitXMLReporter -->
<testsuite ignored="0" hostname="DESKTOP-B6PR29P" failures="0" tests="2" name="Test case 2" time="12.691" errors="0" timestamp="2022-03-06T13:56:46 IST">
  <testcase classname="com.selenium.training.selenium_training.SoftAssert_login" name="f" time="4.197"/>
  <testcase classname="com.selenium.training.selenium_training.SoftAssert_login" name="logout" time="4.328"/>
</testsuite> <!-- Test case 2 -->
